2017-08-29 10:28:15 Error: [Cake\Console\Exception\MissingShellException] Shell class for "-v" could not be found. in C:\xampp\htdocs\qtx-site\vendor\cakephp\cakephp\src\Console\ShellDispatcher.php on line 327
Exception Attributes: array (
  'class' => '-v',
)
Stack Trace:
#0 C:\xampp\htdocs\qtx-site\vendor\cakephp\cakephp\src\Console\ShellDispatcher.php(226): Cake\Console\ShellDispatcher->findShell('-v')
#1 C:\xampp\htdocs\qtx-site\vendor\cakephp\cakephp\src\Console\ShellDispatcher.php(182): Cake\Console\ShellDispatcher->_dispatch(Array)
#2 C:\xampp\htdocs\qtx-site\vendor\cakephp\cakephp\src\Console\ShellDispatcher.php(128): Cake\Console\ShellDispatcher->dispatch(Array)
#3 C:\xampp\htdocs\qtx-site\bin\cake.php(34): Cake\Console\ShellDispatcher::run(Array)
#4 {main}


2017-08-29 10:28:34 Error: [Cake\Console\Exception\MissingShellException] Shell class for "--" could not be found. in C:\xampp\htdocs\qtx-site\vendor\cakephp\cakephp\src\Console\ShellDispatcher.php on line 327
Exception Attributes: array (
  'class' => '--',
)
Stack Trace:
#0 C:\xampp\htdocs\qtx-site\vendor\cakephp\cakephp\src\Console\ShellDispatcher.php(226): Cake\Console\ShellDispatcher->findShell('--')
#1 C:\xampp\htdocs\qtx-site\vendor\cakephp\cakephp\src\Console\ShellDispatcher.php(182): Cake\Console\ShellDispatcher->_dispatch(Array)
#2 C:\xampp\htdocs\qtx-site\vendor\cakephp\cakephp\src\Console\ShellDispatcher.php(128): Cake\Console\ShellDispatcher->dispatch(Array)
#3 C:\xampp\htdocs\qtx-site\bin\cake.php(34): Cake\Console\ShellDispatcher::run(Array)
#4 {main}


2017-08-29 10:29:09 Error: [Cake\Console\Exception\MissingShellException] Shell class for "Serve" could not be found. in C:\xampp\htdocs\qtx-site\vendor\cakephp\cakephp\src\Console\ShellDispatcher.php on line 327
Exception Attributes: array (
  'class' => 'Serve',
)
Stack Trace:
#0 C:\xampp\htdocs\qtx-site\vendor\cakephp\cakephp\src\Console\ShellDispatcher.php(226): Cake\Console\ShellDispatcher->findShell('Serve')
#1 C:\xampp\htdocs\qtx-site\vendor\cakephp\cakephp\src\Console\ShellDispatcher.php(182): Cake\Console\ShellDispatcher->_dispatch(Array)
#2 C:\xampp\htdocs\qtx-site\vendor\cakephp\cakephp\src\Console\ShellDispatcher.php(128): Cake\Console\ShellDispatcher->dispatch(Array)
#3 C:\xampp\htdocs\qtx-site\bin\cake.php(34): Cake\Console\ShellDispatcher::run(Array)
#4 {main}


